docker compose up -d --build
#0 building with "default" instance using docker driver

#1 [backend internal] load build definition from Dockerfile
#1 transferring dockerfile: 475B done
#1 DONE 0.0s

#2 [backend internal] load metadata for docker.io/library/python:3.9
#2 DONE 0.3s

#3 [backend internal] load .dockerignore
#3 transferring context: 2B done
#3 DONE 0.0s

#4 [backend 1/9] FROM docker.io/library/python:3.9@sha256:8a471a2dae20c7454ffa21047839f97816fc9c87f1f582fad18dec4589719ca0
#4 resolve docker.io/library/python:3.9@sha256:8a471a2dae20c7454ffa21047839f97816fc9c87f1f582fad18dec4589719ca0 0.0s done
#4 CACHED

#5 [backend internal] load build context
#5 transferring context: 34.72MB 2.1s done
#5 CANCELED

#6 [backend 2/9] RUN apt-get update && apt-get install -y netcat
#6 0.297 Get:1 http://deb.debian.org/debian bookworm InRelease [151 kB]
#6 0.306 Get:2 http://deb.debian.org/debian bookworm-updates InRelease [55.4 kB]
#6 0.307 Get:3 http://deb.debian.org/debian-security bookworm-security InRelease [48.0 kB]
#6 0.371 Get:4 http://deb.debian.org/debian bookworm/main amd64 Packages [8788 kB]
#6 0.457 Get:5 http://deb.debian.org/debian bookworm-updates/main amd64 Packages [13.8 kB]
#6 0.459 Get:6 http://deb.debian.org/debian-security bookworm-security/main amd64 Packages [169 kB]
#6 1.169 Fetched 9225 kB in 1s (10.4 MB/s)
#6 1.169 Reading package lists...
#6 1.475 Reading package lists...
#6 1.775 Building dependency tree...
#6 1.842 Reading state information...
#6 1.845 Package netcat is a virtual package provided by:
#6 1.845   netcat-openbsd 1.219-1
#6 1.845   netcat-traditional 1.10-47
#6 1.845 
#6 1.847 E: Package 'netcat' has no installation candidate
#6 ERROR: process "/bin/sh -c apt-get update && apt-get install -y netcat" did not complete successfully: exit code: 100
------
 > [backend 2/9] RUN apt-get update && apt-get install -y netcat:
1.169 Fetched 9225 kB in 1s (10.4 MB/s)
1.169 Reading package lists...
1.475 Reading package lists...
1.775 Building dependency tree...
1.842 Reading state information...
1.845 Package netcat is a virtual package provided by:
1.845   netcat-openbsd 1.219-1
1.845   netcat-traditional 1.10-47
1.845 
1.847 E: Package 'netcat' has no installation candidate
------
